This is pdfTeX, Version 3.141592653-2.6-1.40.22 (MiKTeX 21.3) (preloaded format=pdflatex 2021.5.19)  19 MAY 2021 15:52
entering extended mode
**./PPgSI-modeloQualiDisserTeseLatex.tex
(PPgSI-modeloQualiDisserTeseLatex.tex
LaTeX2e <2020-10-01> patch level 4
L3 programming layer <2021-05-11> (abntex2ppgsi.cls
(C:\Users\vinicius.rosa\AppData\Local\Programs\MiKTeX\tex/latex/anyfontsize\any
fontsize.sty
Package: anyfontsize 2007/11/22 anyfontsize.sty by pts
)
Document Class: abntex2ppgsi 2014/01/26 v1.9.2 abnTeX2

(C:\Users\vinicius.rosa\AppData\Local\Programs\MiKTeX\tex/latex/base\ifthen.sty
Package: ifthen 2014/09/29 v1.1c Standard LaTeX ifthen package (DPC)
)
(C:\Users\vinicius.rosa\AppData\Local\Programs\MiKTeX\tex/latex/memoir\memoir.c
ls
Document Class: memoir 2021/03/23 v3.7o configurable book, report, article docu
ment class
\onelineskip=\skip47
\lxvchars=\skip48
\xlvchars=\skip49
\@memcnta=\count179
\c@@memmarkcntra=\count180

(C:\Users\vinicius.rosa\AppData\Local\Programs\MiKTeX\tex/generic/iftex\iftex.s
ty
Package: iftex 2020/03/06 v1.0d TeX engine tests
)
\stockheight=\skip50
\stockwidth=\skip51
\trimtop=\skip52
\trimedge=\skip53

(C:\Users\vinicius.rosa\AppData\Local\Programs\MiKTeX\tex/latex/memoir\mem12.cl
o
File: mem12.clo 2010/10/19 v0.4b memoir class 12pt size option
)
\binding=\skip54
\spinemargin=\skip55
\foremargin=\skip56
\uppermargin=\skip57
\lowermargin=\skip58
\headdrop=\skip59
\normalrulethickness=\skip60
\mem@maxheadheight=\skip61
\mem@maxfootheight=\skip62
\headwidth=\skip63
\c@storedpagenumber=\count181
\memPD=\dimen138
\m@mabparskip=\skip64
\thanksmarkwidth=\skip65
\thanksmarksep=\skip66
\droptitle=\skip67
\c@book=\count182
\c@part=\count183
\c@chapter=\count184
\c@section=\count185
\c@subsection=\count186
\c@subsubsection=\count187
\c@paragraph=\count188
\c@subparagraph=\count189
\beforechapskip=\skip68
\midchapskip=\skip69
\afterchapskip=\skip70
\chapindent=\skip71
\bottomsectionskip=\skip72
\secindent=\skip73
\beforesecskip=\skip74
\aftersecskip=\skip75
\subsecindent=\skip76
\beforesubsecskip=\skip77
\aftersubsecskip=\skip78
\subsubsecindent=\skip79
\beforesubsubsecskip=\skip80
\aftersubsubsecskip=\skip81
\paraindent=\skip82
\beforeparaskip=\skip83
\afterparaskip=\skip84
\subparaindent=\skip85
\beforesubparaskip=\skip86
\aftersubparaskip=\skip87
\pfbreakskip=\skip88
\c@@ppsavesec=\count190
\c@@ppsaveapp=\count191
\ragrparindent=\dimen139
\everylistparindent=\dimen140
\parsepi=\skip89
\topsepi=\skip90
\itemsepi=\skip91
\parsepii=\skip92
\topsepii=\skip93
\topsepiii=\skip94
\itemsepii=\skip95
\itemsepiii=\skip96
\partopsepii=\skip97
\partopsepiii=\skip98
\m@msavetopsep=\skip99
\m@msavepartopsep=\skip100
\@enLab=\toks15
\abstitleskip=\skip101
\absleftindent=\skip102
\abs@leftindent=\dimen141
\absrightindent=\skip103
\absparindent=\skip104
\absparsep=\skip105
\c@vslineno=\count192
\c@poemline=\count193
\c@modulo@vs=\count194
\c@memfvsline=\count195
\vleftskip=\skip106
\vrightskip=\skip107
\stanzaskip=\skip108
\versewidth=\skip109
\vgap=\skip110
\vindent=\skip111
\vleftmargin=\dimen142
\c@verse=\count196
\c@chrsinstr=\count197
\beforepoemtitleskip=\skip112
\afterpoemtitleskip=\skip113
\c@poem=\count198
\beforePoemTitleskip=\skip114
\midPoemTitleskip=\skip115
\afterPoemTitleskip=\skip116

(C:\Users\vinicius.rosa\AppData\Local\Programs\MiKTeX\tex/latex/latex-tools\arr
ay.sty
Package: array 2020/10/01 v2.5c Tabular extension package (FMi)
\col@sep=\dimen143
\ar@mcellbox=\box47
\extrarowheight=\dimen144
\NC@list=\toks16
\extratabsurround=\skip117
\backup@length=\skip118
\ar@cellbox=\box48
)
(C:\Users\vinicius.rosa\AppData\Local\Programs\MiKTeX\tex/latex/latex-tools\dco
lumn.sty
Package: dcolumn 2014/10/28 v1.06 decimal alignment package (DPC)
)
(C:\Users\vinicius.rosa\AppData\Local\Programs\MiKTeX\tex/latex/latex-tools\del
array.sty
Package: delarray 2014/10/28 v1.01 array delimiter package (DPC)
)
(C:\Users\vinicius.rosa\AppData\Local\Programs\MiKTeX\tex/latex/latex-tools\tab
ularx.sty
Package: tabularx 2020/01/15 v2.11c `tabularx' package (DPC)
\TX@col@width=\dimen145
\TX@old@table=\dimen146
\TX@old@col=\dimen147
\TX@target=\dimen148
\TX@delta=\dimen149
\TX@cols=\count199
\TX@ftn=\toks17
)
\heavyrulewidth=\dimen150
\lightrulewidth=\dimen151
\cmidrulewidth=\dimen152
\belowrulesep=\dimen153
\belowbottomsep=\dimen154
\aboverulesep=\dimen155
\abovetopsep=\dimen156
\cmidrulesep=\dimen157
\cmidrulekern=\dimen158
\defaultaddspace=\dimen159
\@cmidla=\count266
\@cmidlb=\count267
\@aboverulesep=\dimen160
\@belowrulesep=\dimen161
\@thisruleclass=\count268
\@lastruleclass=\count269
\@thisrulewidth=\dimen162
\ctableftskip=\skip119
\ctabrightskip=\skip120
\abovecolumnspenalty=\count270
\@linestogo=\count271
\@cellstogo=\count272
\@cellsincolumn=\count273
\crtok=\toks18
\@mincolumnwidth=\dimen163
\c@newflo@tctr=\count274
\mem@margin@floatbox=\box49
\@contcwidth=\skip121
\@contindw=\skip122
\abovecaptionskip=\skip123
\belowcaptionskip=\skip124
\subfloattopskip=\skip125
\subfloatcapskip=\skip126
\subfloatcaptopadj=\skip127
\subfloatbottomskip=\skip128
\subfloatlabelskip=\skip129
\subfloatcapmargin=\dimen164
\c@@contsubnum=\count275
\m@mscap@capbox=\box50
\m@mscap@fbox=\box51
\sidecapsep=\dimen165
\sidecapwidth=\dimen166
\m@m@tempdima=\dimen167
\m@mscapraise=\dimen168
\sidecapraise=\dimen169
\m@mscapmainwidth=\dimen170
\m@mscaplkern=\dimen171
\beforeepigraphskip=\skip130
\afterepigraphskip=\skip131
\epigraphwidth=\skip132
\epigraphrule=\skip133
LaTeX Info: Redefining \em on input line 7650.
LaTeX Info: Redefining \emph on input line 7658.
\tocentryskip=\skip134
\tocbaseline=\skip135
\cftparskip=\skip136
\cftbeforebookskip=\skip137
\cftbookindent=\dimen172
\cftbooknumwidth=\dimen173
\cftbeforepartskip=\skip138
\cftpartindent=\skip139
\cftpartnumwidth=\skip140
\cftbeforechapterskip=\skip141
\cftchapterindent=\skip142
\cftchapternumwidth=\skip143
\cftbeforesectionskip=\skip144
\cftsectionindent=\skip145
\cftsectionnumwidth=\skip146
\cftbeforesubsectionskip=\skip147
\cftsubsectionindent=\skip148
\cftsubsectionnumwidth=\skip149
\cftbeforesubsubsectionskip=\skip150
\cftsubsubsectionindent=\skip151
\cftsubsubsectionnumwidth=\skip152
\cftbeforeparagraphskip=\skip153
\cftparagraphindent=\skip154
\cftparagraphnumwidth=\skip155
\cftbeforesubparagraphskip=\skip156
\cftsubparagraphindent=\skip157
\cftsubparagraphnumwidth=\skip158
\prechapterprecisshift=\dimen174
\c@maxsecnumdepth=\count276
\bibindent=\dimen175
\bibitemsep=\skip159
\indexcolsep=\skip160
\indexrule=\skip161
\indexmarkstyle=\toks19
\@indexbox=\insert252
\glossarycolsep=\dimen176
\glossaryrule=\dimen177
\sideparvshift=\skip162
\sideins=\insert251
\sidebartopsep=\skip163
\sidebarhsep=\skip164
\sidebarvsep=\skip165
\sidebarwidth=\skip166
\footmarkwidth=\skip167
\footmarksep=\skip168
\footparindent=\skip169
\footinsdim=\skip170
\footinsv@r=\insert250
\@mpfootinsv@r=\insert249
\m@m@k=\count277
\m@m@h=\dimen178
\m@mipn@skip=\skip171
\sidefootins=\insert248
\sidefootadjust=\skip172
\sidefootheight=\skip173
\sidefoothsep=\skip174
\sidefootvsep=\skip175
\sidefootwidth=\skip176
\m@mdownsf=\skip177
\c@sidefootnote=\count278
\sidefootmarkwidth=\skip178
\sidefootmarksep=\skip179
\sidefootparindent=\skip180
\c@pagenote=\count279
\c@pagenoteshadow=\count280
\mem@pn@lastkern=\skip181
\every@verbatim=\toks20
\afterevery@verbatim=\toks21
\verbatim@line=\toks22
\tab@position=\count281
\verbatim@in@stream=\read2
\verbatimindent=\skip182
\verbatim@out=\write3
\bvboxsep=\skip183
\c@memfbvline=\count282
\c@bvlinectr=\count283
\bvnumlength=\skip184
\fb@frw=\dimen179
\fb@frh=\dimen180
\FrameRule=\dimen181
\FrameSep=\dimen182
\c@cp@cntr=\count284
\c@ism@mctr=\count285
\c@xsm@mctr=\count286
\c@csm@mctr=\count287
\c@ksm@mctr=\count288
\c@xksm@mctr=\count289
\c@cksm@mctr=\count290
\c@msm@mctr=\count291
\c@xmsm@mctr=\count292
\c@cmsm@mctr=\count293
\c@bsm@mctr=\count294
\c@workm@mctr=\count295
\c@sheetsequence=\count296
\c@lastsheet=\count297
\c@lastpage=\count298

(C:\Users\vinicius.rosa\AppData\Local\Programs\MiKTeX\tex/latex/textcase\textca
se.sty
Package: textcase 2019/09/14 v1.00 Text only upper/lower case changing (DPC)
)
\c@figure=\count299
\c@lofdepth=\count300
\cftbeforefigureskip=\skip185
\cftfigureindent=\skip186
\cftfigurenumwidth=\skip187
\c@table=\count301
\c@lotdepth=\count302
\cftbeforetableskip=\skip188
\cfttableindent=\skip189
\cfttablenumwidth=\skip190
Package abstract [2008/07/23] emulated by memoir.
Package appendix [2008/07/23] emulated by memoir.
Package booktabs [2016/05/16] emulated by memoir.
Package ccaption [2008/07/23] emulated by memoir.
Package changepage [2008/07/23] emulated by memoir.
Package chngcntr [2008/07/23] emulated by memoir.
Package chngpage [2008/07/23] emulated by memoir.
Package crop emulated by memoir.
Package enumerate [2008/07/23] emulated by memoir.
Package epigraph [2008/07/23] emulated by memoir.
Package ifmtarg [2008/07/23] emulated by memoir.
Package index [2008/07/23] emulated by memoir.
Package makeidx [2008/07/23] emulated by memoir.
Package moreverb [2008/07/23] emulated by memoir.
Package needspace [2008/07/23] emulated by memoir.
Package newfile [2008/07/23] emulated by memoir.
Package nextpage [2008/07/23] emulated by memoir.
Package pagenote [2008/07/23] emulated by memoir.
Package parskip [2008/07/23] emulated by memoir.
Package patchcmd [2008/07/23] emulated by memoir.
Package setspace [2008/07/23] emulated by memoir.
Package shortvrb [2008/07/23] emulated by memoir.
Package showidx [2008/07/23] emulated by memoir.
Package titleref [2008/07/23] emulated by memoir.
Package titling [2008/07/23] emulated by memoir.
Package tocbibind [2008/07/23] emulated by memoir.
Package tocloft [2008/07/23] emulated by memoir.
Package tocvsec2 [2008/07/23] emulated by memoir.
Package verbatim [2008/07/23] emulated by memoir.
Package verse [2008/07/23] emulated by memoir.
)
(C:\Users\vinicius.rosa\AppData\Local\Programs\MiKTeX\tex/latex/hyperref\hyperr
ef.sty
Package: hyperref 2021-02-27 v7.00k Hypertext links for LaTeX

(C:\Users\vinicius.rosa\AppData\Local\Programs\MiKTeX\tex/generic/ltxcmds\ltxcm
ds.sty
Package: ltxcmds 2020-05-10 v1.25 LaTeX kernel commands for general use (HO)
)
(C:\Users\vinicius.rosa\AppData\Local\Programs\MiKTeX\tex/generic/pdftexcmds\pd
ftexcmds.sty
Package: pdftexcmds 2020-06-27 v0.33 Utility functions of pdfTeX for LuaTeX (HO
)

(C:\Users\vinicius.rosa\AppData\Local\Programs\MiKTeX\tex/generic/infwarerr\inf
warerr.sty
Package: infwarerr 2019/12/03 v1.5 Providing info/warning/error messages (HO)
)
Package pdftexcmds Info: \pdf@primitive is available.
Package pdftexcmds Info: \pdf@ifprimitive is available.
Package pdftexcmds Info: \pdfdraftmode found.
)
(C:\Users\vinicius.rosa\AppData\Local\Programs\MiKTeX\tex/latex/graphics\keyval
.sty
Package: keyval 2014/10/28 v1.15 key=value parser (DPC)
\KV@toks@=\toks23
)
(C:\Users\vinicius.rosa\AppData\Local\Programs\MiKTeX\tex/generic/kvsetkeys\kvs
etkeys.sty
Package: kvsetkeys 2019/12/15 v1.18 Key value parser (HO)
)
(C:\Users\vinicius.rosa\AppData\Local\Programs\MiKTeX\tex/generic/kvdefinekeys\
kvdefinekeys.sty
Package: kvdefinekeys 2019-12-19 v1.6 Define keys (HO)
)
(C:\Users\vinicius.rosa\AppData\Local\Programs\MiKTeX\tex/generic/pdfescape\pdf
escape.sty
Package: pdfescape 2019/12/09 v1.15 Implements pdfTeX's escape features (HO)
)
(C:\Users\vinicius.rosa\AppData\Local\Programs\MiKTeX\tex/latex/hycolor\hycolor
.sty
Package: hycolor 2020-01-27 v1.10 Color options for hyperref/bookmark (HO)
)
(C:\Users\vinicius.rosa\AppData\Local\Programs\MiKTeX\tex/latex/letltxmacro\let
ltxmacro.sty
Package: letltxmacro 2019/12/03 v1.6 Let assignment for LaTeX macros (HO)
)
(C:\Users\vinicius.rosa\AppData\Local\Programs\MiKTeX\tex/latex/auxhook\auxhook
.sty
Package: auxhook 2019-12-17 v1.6 Hooks for auxiliary files (HO)
)
(C:\Users\vinicius.rosa\AppData\Local\Programs\MiKTeX\tex/latex/kvoptions\kvopt
ions.sty
Package: kvoptions 2020-10-07 v3.14 Key value format for package options (HO)
)
\@linkdim=\dimen183
\Hy@linkcounter=\count303
\Hy@pagecounter=\count304

(C:\Users\vinicius.rosa\AppData\Local\Programs\MiKTeX\tex/latex/hyperref\pd1enc
.def
File: pd1enc.def 2021-02-27 v7.00k Hyperref: PDFDocEncoding definition (HO)
Now handling font encoding PD1 ...
... no UTF-8 mapping file for font encoding PD1
)
(C:\Users\vinicius.rosa\AppData\Local\Programs\MiKTeX\tex/latex/hyperref\hyperr
ef-langpatches.def
File: hyperref-langpatches.def 2021-02-27 v7.00k Hyperref: patches for babel la
nguages
)
(C:\Users\vinicius.rosa\AppData\Local\Programs\MiKTeX\tex/generic/intcalc\intca
lc.sty
Package: intcalc 2019/12/15 v1.3 Expandable calculations with integers (HO)
)
(C:\Users\vinicius.rosa\AppData\Local\Programs\MiKTeX\tex/generic/etexcmds\etex
cmds.sty
Package: etexcmds 2019/12/15 v1.7 Avoid name clashes with e-TeX commands (HO)
)
\Hy@SavedSpaceFactor=\count305

(C:\Users\vinicius.rosa\AppData\Local\Programs\MiKTeX\tex/latex/hyperref\puenc.
def
File: puenc.def 2021-02-27 v7.00k Hyperref: PDF Unicode definition (HO)
Now handling font encoding PU ...
... no UTF-8 mapping file for font encoding PU
)
Package hyperref Info: Hyper figures OFF on input line 4192.
Package hyperref Info: Link nesting OFF on input line 4197.
Package hyperref Info: Hyper index ON on input line 4200.
Package hyperref Info: Plain pages OFF on input line 4207.
Package hyperref Info: Backreferencing OFF on input line 4212.
Package hyperref Info: Implicit mode ON; LaTeX internals redefined.
Package hyperref Info: Bookmarks ON on input line 4445.
\c@Hy@tempcnt=\count306

(C:\Users\vinicius.rosa\AppData\Local\Programs\MiKTeX\tex/latex/url\url.sty
\Urlmuskip=\muskip16
Package: url 2013/09/16  ver 3.4  Verb mode for urls, etc.
)
LaTeX Info: Redefining \url on input line 4804.
\XeTeXLinkMargin=\dimen184

(C:\Users\vinicius.rosa\AppData\Local\Programs\MiKTeX\tex/generic/bitset\bitset
.sty
Package: bitset 2019/12/09 v1.3 Handle bit-vector datatype (HO)

(C:\Users\vinicius.rosa\AppData\Local\Programs\MiKTeX\tex/generic/bigintcalc\bi
gintcalc.sty
Package: bigintcalc 2019/12/15 v1.5 Expandable calculations on big integers (HO
)
))
\Fld@menulength=\count307
\Field@Width=\dimen185
\Fld@charsize=\dimen186
Package hyperref Info: Hyper figures OFF on input line 6075.
Package hyperref Info: Link nesting OFF on input line 6080.
Package hyperref Info: Hyper index ON on input line 6083.
Package hyperref Info: backreferencing OFF on input line 6090.
Package hyperref Info: Link coloring OFF on input line 6095.
Package hyperref Info: Link coloring with OCG OFF on input line 6100.
Package hyperref Info: PDF/A mode OFF on input line 6105.
LaTeX Info: Redefining \ref on input line 6145.
LaTeX Info: Redefining \pageref on input line 6149.

(C:\Users\vinicius.rosa\AppData\Local\Programs\MiKTeX\tex/latex/base\atbegshi-l
tx.sty
Package: atbegshi-ltx 2020/08/17 v1.0a Emulation of the original atbegshi packa
ge
with kernel methods
)
\Hy@abspage=\count308
\c@Item=\count309
\c@Hfootnote=\count310
)
(C:\Users\vinicius.rosa\AppData\Local\Programs\MiKTeX\tex/latex/memoir\memhfixc
.sty
Package: memhfixc 2019/10/24 v1.18 nameref/hyperref package fixes for memoir cl
ass
\c@memhycontfloat=\count311
\c@Hpagenote=\count312
)
Package hyperref Info: Driver (autodetected): hpdftex.

(C:\Users\vinicius.rosa\AppData\Local\Programs\MiKTeX\tex/latex/hyperref\hpdfte
x.def
File: hpdftex.def 2021-02-27 v7.00k Hyperref driver for pdfTeX

(C:\Users\vinicius.rosa\AppData\Local\Programs\MiKTeX\tex/latex/base\atveryend-
ltx.sty
Package: atveryend-ltx 2020/08/19 v1.0a Emulation of the original atvery packag
e
with kernel methods
)
\Fld@listcount=\count313
\c@bookmark@seq@number=\count314

(C:\Users\vinicius.rosa\AppData\Local\Programs\MiKTeX\tex/latex/rerunfilecheck\
rerunfilecheck.sty
Package: rerunfilecheck 2019/12/05 v1.9 Rerun checks for auxiliary files (HO)

(C:\Users\vinicius.rosa\AppData\Local\Programs\MiKTeX\tex/generic/uniquecounter
\uniquecounter.sty
Package: uniquecounter 2019/12/15 v1.4 Provide unlimited unique counter (HO)
)
Package uniquecounter Info: New unique counter `rerunfilecheck' on input line 2
86.
)
\Hy@SectionHShift=\skip191
)
(C:\Users\vinicius.rosa\AppData\Local\Programs\MiKTeX\tex/latex/bookmark\bookma
rk.sty
Package: bookmark 2020-11-06 v1.29 PDF bookmarks (HO)

(C:\Users\vinicius.rosa\AppData\Local\Programs\MiKTeX\tex/latex/bookmark\bkm-pd
ftex.def
File: bkm-pdftex.def 2020-11-06 v1.29 bookmark driver for pdfTeX (HO)
\BKM@id=\count315
))
(C:\Users\vinicius.rosa\AppData\Local\Programs\MiKTeX\tex/generic/babel\babel.s
ty
Package: babel 2021/05/16 3.59 The Babel package

(C:\Users\vinicius.rosa\AppData\Local\Programs\MiKTeX\tex/generic/babel\babel.d
ef
File: babel.def 2021/05/16 3.59 Babel common definitions
\babel@savecnt=\count316
\U@D=\dimen187
\l@unhyphenated=\language79

(C:\Users\vinicius.rosa\AppData\Local\Programs\MiKTeX\tex/generic/babel\txtbabe
l.def)
\bbl@readstream=\read3
)
\bbl@dirlevel=\count317

*************************************
* Local config file bblopts.cfg used
*

(C:\Users\vinicius.rosa\AppData\Local\Programs\MiKTeX\tex/latex/arabi\bblopts.c
fg
File: bblopts.cfg 2005/09/08 v0.1 add Arabic and Farsi to "declared" options of
 babel
)
(C:\Users\vinicius.rosa\AppData\Local\Programs\MiKTeX\tex/latex/babel-english\e
nglish.ldf
Language: english 2017/06/06 v3.3r English support from the babel system
Package babel Info: Hyphen rules for 'canadian' set to \l@english
(babel)             (\language0). Reported on input line 102.
Package babel Info: Hyphen rules for 'australian' set to \l@ukenglish
(babel)             (\language73). Reported on input line 105.
Package babel Info: Hyphen rules for 'newzealand' set to \l@ukenglish
(babel)             (\language73). Reported on input line 108.
)
(C:\Users\vinicius.rosa\AppData\Local\Programs\MiKTeX\tex/latex/babel-portuges\
brazil.ldf
Language: portuges 2021/02/04 v1.2s Portuguese support from the babel system
Package babel Info: Hyphen rules for 'brazil' set to \l@portuguese
(babel)             (\language56). Reported on input line 111.
Package babel Info: Making " an active character on input line 143.
))
\c@quadro=\count318
\c@loqdepth=\count319
\cftbeforequadroskip=\skip192
\cftquadroindent=\skip193
\cftquadronumwidth=\skip194

(C:\Users\vinicius.rosa\AppData\Local\Programs\MiKTeX\tex/latex/enumitem\enumit
em.sty
Package: enumitem 2019/06/20 v3.9 Customized lists
\labelindent=\skip195
\enit@outerparindent=\dimen188
\enit@toks=\toks24
\enit@inbox=\box52
\enit@count@id=\count320
\enitdp@description=\count321
)
(C:\Users\vinicius.rosa\AppData\Local\Programs\MiKTeX\tex/latex/latex-tools\cal
c.sty
Package: calc 2017/05/25 v4.3 Infix arithmetic (KKT,FJ)
\calc@Acount=\count322
\calc@Bcount=\count323
\calc@Adimen=\dimen189
\calc@Bdimen=\dimen190
\calc@Askip=\skip196
\calc@Bskip=\skip197
LaTeX Info: Redefining \setlength on input line 80.
LaTeX Info: Redefining \addtolength on input line 81.
\calc@Ccount=\count324
\calc@Cskip=\skip198
)

******************************************************
Stock height and width: 845.04684pt by 597.50787pt
Top and edge trims: 0pt and 0pt
Page height and width: 845.04684pt by 597.50787pt
Text height and width: 708pt by 455pt
Spine and edge margins: 85.35826pt and 56.9055pt
Upper and lower margins: 85.35826pt and 51.68858pt
Headheight and headsep: 14.5pt and 19.8738pt
Footskip: 30pt
Columnsep and columnseprule: 10pt and 0pt
Marginparsep and marginparwidth: 7pt and 42.9055pt
Sidecapsep and sidecapwidth: 7pt and 42pt
Sidebarhsep and sidebarwidth: 7pt and 42pt
Sidebarvsep and sidebartopsep: 14.5pt and 0pt
Sidebarheight: 590.14995pt
Sidefoothsep and sidefootwidth: 7pt and 42pt
Sidefootvsep and sidefootheight: 14.5pt and 590.14995pt
******************************************************

\c@abntex@bookmarkcounter=\count325
\cftlastnumwidth=\skip199
\chapternamenumlength=\skip256
\ABNTEXcitacaorecuo=\skip257
\c@alineasi=\count326
\c@alineasii=\count327
\enitdp@alineas=\count328
\c@subalineasi=\count329
\enitdp@subalineas=\count330
\c@incisosi=\count331
\enitdp@incisos=\count332
\ABNTEXsignwidth=\skip258
\ABNTEXsignthickness=\skip259
\ABNTEXsignskip=\skip260

(C:\Users\vinicius.rosa\AppData\Local\Programs\MiKTeX\tex/latex/algorithms\algo
rithm.sty
Package: algorithm 2009/08/24 v0.1 Document Style `algorithm' - floating enviro
nment

(C:\Users\vinicius.rosa\AppData\Local\Programs\MiKTeX\tex/latex/float\float.sty
Package: float 2001/11/08 v1.3d Float enhancements (AL)
\c@float@type=\count333
\float@exts=\toks25
\float@box=\box53
\@float@everytoks=\toks26
\@floatcapt=\box54
)
\@float@every@algorithm=\toks27
\c@algorithm=\count334
))
(C:\Users\vinicius.rosa\AppData\Local\Programs\MiKTeX\tex/latex/base\inputenc.s
ty
Package: inputenc 2020/08/01 v1.3d Input encoding file
\inpenc@prehook=\toks28
\inpenc@posthook=\toks29
)
(C:\Users\vinicius.rosa\AppData\Local\Programs\MiKTeX\tex/latex/lastpage\lastpa
ge.sty
Package: lastpage 2015/03/29 v1.2m Refers to last page's name (HMM; JPG)
)
(C:\Users\vinicius.rosa\AppData\Local\Programs\MiKTeX\tex/latex/latex-tools\ind
entfirst.sty
Package: indentfirst 1995/11/23 v1.03 Indent first paragraph (DPC)
)
(C:\Users\vinicius.rosa\AppData\Local\Programs\MiKTeX\tex/latex/graphics\color.
sty
Package: color 2020/02/24 v1.2b Standard LaTeX Color (DPC)

(C:\Users\vinicius.rosa\AppData\Local\Programs\MiKTeX\tex/latex/graphics-cfg\co
lor.cfg
File: color.cfg 2016/01/02 v1.6 sample color configuration
)
Package color Info: Driver file: pdftex.def on input line 147.

(C:\Users\vinicius.rosa\AppData\Local\Programs\MiKTeX\tex/latex/graphics-def\pd
ftex.def
File: pdftex.def 2020/10/05 v1.2a Graphics/color driver for pdftex
))
(C:\Users\vinicius.rosa\AppData\Local\Programs\MiKTeX\tex/latex/graphics\graphi
cx.sty
Package: graphicx 2020/09/09 v1.2b Enhanced LaTeX Graphics (DPC,SPQR)

(C:\Users\vinicius.rosa\AppData\Local\Programs\MiKTeX\tex/latex/graphics\graphi
cs.sty
Package: graphics 2020/08/30 v1.4c Standard LaTeX Graphics (DPC,SPQR)

(C:\Users\vinicius.rosa\AppData\Local\Programs\MiKTeX\tex/latex/graphics\trig.s
ty
Package: trig 2016/01/03 v1.10 sin cos tan (DPC)
)
(C:\Users\vinicius.rosa\AppData\Local\Programs\MiKTeX\tex/latex/graphics-cfg\gr
aphics.cfg
File: graphics.cfg 2016/06/04 v1.11 sample graphics configuration
)
Package graphics Info: Driver file: pdftex.def on input line 105.
)
\Gin@req@height=\dimen191
\Gin@req@width=\dimen192
)
(C:\Users\vinicius.rosa\AppData\Local\Programs\MiKTeX\tex/latex/microtype\micro
type.sty
Package: microtype 2021/03/14 v2.8c Micro-typographical refinements (RS)
\MT@toks=\toks30
\MT@count=\count335
LaTeX Info: Redefining \textls on input line 790.
\MT@outer@kern=\dimen193
LaTeX Info: Redefining \textmicrotypecontext on input line 1374.
\MT@listname@count=\count336

(C:\Users\vinicius.rosa\AppData\Local\Programs\MiKTeX\tex/latex/microtype\micro
type-pdftex.def
File: microtype-pdftex.def 2021/03/14 v2.8c Definitions specific to pdftex (RS)

LaTeX Info: Redefining \lsstyle on input line 915.
LaTeX Info: Redefining \lslig on input line 915.
\MT@outer@space=\skip261
)
Package microtype Info: Loading configuration file microtype.cfg.

(C:\Users\vinicius.rosa\AppData\Local\Programs\MiKTeX\tex/latex/microtype\micro
type.cfg
File: microtype.cfg 2021/03/14 v2.8c microtype main configuration file (RS)
))
(C:\Users\vinicius.rosa\AppData\Local\Programs\MiKTeX\tex/latex/pdfpages\pdfpag
es.sty
Package: pdfpages 2021/03/06 v0.5t Insert pages of external PDF documents (AM)

(C:\Users\vinicius.rosa\AppData\Local\Programs\MiKTeX\tex/latex/eso-pic\eso-pic
.sty
Package: eso-pic 2020/10/14 v3.0a eso-pic (RN)
\ESO@tempdima=\dimen194
\ESO@tempdimb=\dimen195
)
\AM@pagewidth=\dimen196
\AM@pageheight=\dimen197
\AM@fboxrule=\dimen198

(C:\Users\vinicius.rosa\AppData\Local\Programs\MiKTeX\tex/latex/pdfpages\pppdft
ex.def
File: pppdftex.def 2021/03/06 v0.5t Pdfpages driver for pdfTeX (AM)
)
\pdfpages@includegraphics@status=\count337
\AM@pagebox=\box55
\AM@global@opts=\toks31
\AM@pagecnt=\count338
\AM@toc@title=\toks32
\c@AM@survey=\count339
\AM@templatesizebox=\box56
)
(C:\Users\vinicius.rosa\AppData\Local\Programs\MiKTeX\tex/latex/mdwtools\mdwlis
t.sty
Package: mdwlist 1996/05/02 1.1 Various list-related things
)
(C:\Users\vinicius.rosa\AppData\Local\Programs\MiKTeX\tex/latex/algorithmicx\al
gpseudocode.sty
Package: algpseudocode 

(C:\Users\vinicius.rosa\AppData\Local\Programs\MiKTeX\tex/latex/algorithmicx\al
gorithmicx.sty
Package: algorithmicx 2005/04/27 v1.2 Algorithmicx

Document Style algorithmicx 1.2 - a greatly improved `algorithmic' style
\c@ALG@line=\count340
\c@ALG@rem=\count341
\c@ALG@nested=\count342
\ALG@tlm=\skip262
\ALG@thistlm=\skip263
\c@ALG@Lnr=\count343
\c@ALG@blocknr=\count344
\c@ALG@storecount=\count345
\c@ALG@tmpcounter=\count346
\ALG@tmplength=\skip264
)
Document Style - pseudocode environments for use with the `algorithmicx' style
)
(C:\Users\vinicius.rosa\AppData\Local\Programs\MiKTeX\tex/latex/lipsum\lipsum.s
ty
(C:\Users\vinicius.rosa\AppData\Local\Programs\MiKTeX\tex/latex/l3kernel\expl3.
sty
Package: expl3 2021-05-11 L3 programming layer (loader) 

(C:\Users\vinicius.rosa\AppData\Local\Programs\MiKTeX\tex/latex/l3backend\l3bac
kend-pdftex.def
File: l3backend-pdftex.def 2021-05-07 L3 backend support: PDF output (pdfTeX)
\l__color_backend_stack_int=\count347
\l__pdf_internal_box=\box57
))
(C:\Users\vinicius.rosa\AppData\Local\Programs\MiKTeX\tex/latex/l3packages/xpar
se\xparse.sty
(C:\Users\vinicius.rosa\AppData\Local\Programs\MiKTeX\tex/latex/l3packages/xpar
se\xparse-2020-10-01.sty
(C:\Users\vinicius.rosa\AppData\Local\Programs\MiKTeX\tex/latex/l3packages/xpar
se\xparse-generic.tex)))
Package: lipsum 2021-03-03 v2.3 150 paragraphs of Lorem Ipsum dummy text

(C:\Users\vinicius.rosa\AppData\Local\Programs\MiKTeX\tex/latex/lipsum\lipsum.l
td.tex
File: lipsum.ltd.tex 2021-03-03 v2.3 The Lorem ipsum dummy text
))
(C:\Users\vinicius.rosa\AppData\Local\Programs\MiKTeX\tex/latex/hyperref\backre
f.sty
Package: backref 2021/02/04 v1.41 Bibliographical back referencing
) (abntex2cite.sty
Package: abntex2cite 2018/11/24 v-1.9.7 abnTeX2
 (abntex2abrev.sty)
\minimumbiblabelwidth=\skip265
\ABCIauxlen=\skip266
\c@ABCIaux=\count348
\c@ABCImax=\count349

(C:\Users\vinicius.rosa\AppData\Local\Programs\MiKTeX\tex/generic/iftex\ifpdf.s
ty
Package: ifpdf 2019/10/25 v3.4 ifpdf legacy package. Use iftex instead.
)
(C:\Users\vinicius.rosa\AppData\Local\Programs\MiKTeX\tex/generic/iftex\ifxetex
.sty
Package: ifxetex 2019/10/25 v0.7 ifxetex legacy package. Use iftex instead.
)
(C:\Users\vinicius.rosa\AppData\Local\Programs\MiKTeX\tex/latex/relsize\relsize
.sty
Package: relsize 2013/03/29 ver 4.1
)
\biblabelsep=\skip267
LaTeX Info: Redefining \newblock on input line 591.
LaTeX Info: Redefining \cite on input line 618.
\ABCItoken=\toks33
)
Package color Info: Redefining color blue on input line 242.


Package hyperref Warning: Token not allowed in a PDF string (Unicode):
(hyperref)                removing `\uppercase' on input line 259.


Package hyperref Warning: Token not allowed in a PDF string (Unicode):
(hyperref)                removing `\newline' on input line 259.


Package hyperref Warning: Token not allowed in a PDF string (Unicode):
(hyperref)                removing `\newline' on input line 259.


Package hyperref Warning: Token not allowed in a PDF string (Unicode):
(hyperref)                removing `\newline' on input line 259.


Package hyperref Warning: Token not allowed in a PDF string (Unicode):
(hyperref)                removing `\newline' on input line 259.


Package hyperref Warning: Token not allowed in a PDF string (Unicode):
(hyperref)                removing `\newline' on input line 259.


Package hyperref Warning: Token not allowed in a PDF string (Unicode):
(hyperref)                removing `\newline' on input line 259.


Package hyperref Warning: Token not allowed in a PDF string (Unicode):
(hyperref)                removing `\newline' on input line 259.


Package hyperref Warning: Token not allowed in a PDF string (Unicode):
(hyperref)                removing `\newline' on input line 259.

Package hyperref Info: Option `colorlinks' set `true' on input line 259.
\PPgSI-modeloQualiDisserTeseLatex@idxfile=\write4
\openout4 = `PPgSI-modeloQualiDisserTeseLatex.idx'.

Writing index file PPgSI-modeloQualiDisserTeseLatex.idx 
No file PPgSI-modeloQualiDisserTeseLatex.aux.
\openout1 = `PPgSI-modeloQualiDisserTeseLatex.aux'.

LaTeX Font Info:    Checking defaults for OML/cmm/m/it on input line 288.
LaTeX Font Info:    ... okay on input line 288.
LaTeX Font Info:    Checking defaults for OMS/cmsy/m/n on input line 288.
LaTeX Font Info:    ... okay on input line 288.
LaTeX Font Info:    Checking defaults for OT1/cmr/m/n on input line 288.
LaTeX Font Info:    ... okay on input line 288.
LaTeX Font Info:    Checking defaults for T1/cmr/m/n on input line 288.
LaTeX Font Info:    ... okay on input line 288.
LaTeX Font Info:    Checking defaults for TS1/cmr/m/n on input line 288.
LaTeX Font Info:    ... okay on input line 288.
LaTeX Font Info:    Checking defaults for OMX/cmex/m/n on input line 288.
LaTeX Font Info:    ... okay on input line 288.
LaTeX Font Info:    Checking defaults for U/cmr/m/n on input line 288.
LaTeX Font Info:    ... okay on input line 288.
LaTeX Font Info:    Checking defaults for PD1/pdf/m/n on input line 288.
LaTeX Font Info:    ... okay on input line 288.
LaTeX Font Info:    Checking defaults for PU/pdf/m/n on input line 288.
LaTeX Font Info:    ... okay on input line 288.
Package hyperref Info: Link coloring ON on input line 288.

(C:\Users\vinicius.rosa\AppData\Local\Programs\MiKTeX\tex/latex/hyperref\namere
f.sty
Package: nameref 2021-04-02 v2.47 Cross-referencing by name of section

(C:\Users\vinicius.rosa\AppData\Local\Programs\MiKTeX\tex/latex/refcount\refcou
nt.sty
Package: refcount 2019/12/15 v3.6 Data extraction from label references (HO)
)
(C:\Users\vinicius.rosa\AppData\Local\Programs\MiKTeX\tex/generic/gettitlestrin
g\gettitlestring.sty
Package: gettitlestring 2019/12/15 v1.6 Cleanup title references (HO)
)
\c@section@level=\count350
)
Redoing nameref's sectioning
Redoing nameref's label
LaTeX Info: Redefining \nameref on input line 288.
LaTeX Info: Redefining \ref on input line 288.
LaTeX Info: Redefining \pageref on input line 288.
LaTeX Info: Redefining \nameref on input line 288.
\myptabbox=\box58
\myptabboxwidth=\skip268
Package lastpage Info: Please have a look at the pageslts package at
(lastpage)             https://www.ctan.org/pkg/pageslts
(lastpage)             ! on input line 288.

(C:\Users\vinicius.rosa\AppData\Local\Programs\MiKTeX\tex/context/base/mkii\sup
p-pdf.mkii
[Loading MPS to PDF converter (version 2006.09.02).]
\scratchcounter=\count351
\scratchdimen=\dimen199
\scratchbox=\box59
\nofMPsegments=\count352
\nofMParguments=\count353
\everyMPshowfont=\toks34
\MPscratchCnt=\count354
\MPscratchDim=\dimen256
\MPnumerator=\count355
\makeMPintoPDFobject=\count356
\everyMPtoPDFconversion=\toks35
)
(C:\Users\vinicius.rosa\AppData\Local\Programs\MiKTeX\tex/latex/epstopdf-pkg\ep
stopdf-base.sty
Package: epstopdf-base 2020-01-24 v2.11 Base part for package epstopdf
Package epstopdf-base Info: Redefining graphics rule for `.eps' on input line 4
85.

(C:\Users\vinicius.rosa\AppData\Local\Programs\MiKTeX\tex/latex/00miktex\epstop
df-sys.cfg
File: epstopdf-sys.cfg 2021/03/18 v2.0 Configuration of epstopdf for MiKTeX
))
LaTeX Info: Redefining \microtypecontext on input line 288.
Package microtype Info: Generating PDF output.
Package microtype Info: Character protrusion enabled (level 2).
Package microtype Info: Using default protrusion set `alltext'.
Package microtype Info: Automatic font expansion enabled (level 2),
(microtype)             stretch: 20, shrink: 20, step: 1, non-selected.
Package microtype Info: Using default expansion set `alltext-nott'.
LaTeX Info: Redefining \showhyphens on input line 288.
Package microtype Info: No adjustment of tracking.
Package microtype Info: No adjustment of interword spacing.
Package microtype Info: No adjustment of character kerning.

(C:\Users\vinicius.rosa\AppData\Local\Programs\MiKTeX\tex/latex/microtype\mt-cm
r.cfg
File: mt-cmr.cfg 2013/05/19 v2.2 microtype config. file: Computer Modern Roman 
(RS)
)
(C:\Users\vinicius.rosa\AppData\Local\Programs\MiKTeX\tex/latex/pdflscape\pdfls
cape.sty
Package: pdflscape 2019/12/05 v0.12 Display of landscape pages in PDF (HO)

(C:\Users\vinicius.rosa\AppData\Local\Programs\MiKTeX\tex/latex/graphics\lscape
.sty
Package: lscape 2020/05/28 v3.02 Landscape Pages (DPC)
)
Package pdflscape Info: Auto-detected driver: pdftex on input line 81.
)
<usp_logo.jpg, id=3, 1927.2pt x 1084.05pt>
File: usp_logo.jpg Graphic file (type jpg)
<use usp_logo.jpg>
Package pdftex.def Info: usp_logo.jpg  used on input line 312.
(pdftex.def)             Requested size: 115.62701pt x 65.04019pt.
 [1

{C:/Users/vinicius.rosa/AppData/Local/MiKTeX/pdftex/config/pdftex.map} <./usp_l
ogo.jpg>]
Underfull \hbox (badness 10000) in paragraph at lines 321--321

 []


Underfull \hbox (badness 10000) in paragraph at lines 321--321

 []


Underfull \hbox (badness 10000) in paragraph at lines 321--321
\OT1/cmr/m/n/12 (+20) Dissertac~ao apre-sen-tada a Es-cola de
 []


Underfull \hbox (badness 1337) in paragraph at lines 321--321
\OT1/cmr/m/n/12 (+20) Ar-tes, Ci^encias e Hu-ma-ni-da-des da Uni-
 []


Underfull \hbox (badness 10000) in paragraph at lines 321--321

 []


Underfull \hbox (badness 8056) in paragraph at lines 321--321
[]\OT1/cmr/m/n/12 (+20) Area de con-cen-trac~ao: Me-to-do-lo-gia e
 []


Underfull \hbox (badness 10000) in paragraph at lines 321--321

 []


Underfull \hbox (badness 10000) in paragraph at lines 321--321

 []


Underfull \hbox (badness 2293) in paragraph at lines 321--321
\OT1/cmr/m/n/12 (+20) Vers~ao cor-ri-gida con-tendo as al-terac~oes
 []

LaTeX Font Info:    External font `cmex10' loaded for size
(Font)              <12> on input line 321.
LaTeX Font Info:    External font `cmex10' loaded for size
(Font)              <8> on input line 321.
LaTeX Font Info:    External font `cmex10' loaded for size
(Font)              <6> on input line 321.
pdfTeX warning (ext4): destination with the same identifier (name{page.1}) has 
been already used, duplicate ignored
<to be read again> 
                   \relax 
l.321 
       [1



]
<fig_ficha_catalografica.pdf, id=16, 597.432pt x 845.07718pt>
File: fig_ficha_catalografica.pdf Graphic file (type pdf)
<use fig_ficha_catalografica.pdf>
Package pdftex.def Info: fig_ficha_catalografica.pdf  used on input line 349.
(pdftex.def)             Requested size: 597.43054pt x 845.07512pt.
File: fig_ficha_catalografica.pdf Graphic file (type pdf)
<use fig_ficha_catalografica.pdf>
Package pdftex.def Info: fig_ficha_catalografica.pdf  used on input line 349.
(pdftex.def)             Requested size: 597.43054pt x 845.07512pt.
<fig_ficha_catalografica.pdf, id=19, page=1, 597.432pt x 845.07718pt>
File: fig_ficha_catalografica.pdf Graphic file (type pdf)
<use fig_ficha_catalografica.pdf, page 1>
Package pdftex.def Info: fig_ficha_catalografica.pdf , page1 used on input line
 349.
(pdftex.def)             Requested size: 597.43054pt x 845.07512pt.
File: fig_ficha_catalografica.pdf Graphic file (type pdf)
<use fig_ficha_catalografica.pdf, page 1>
Package pdftex.def Info: fig_ficha_catalografica.pdf , page1 used on input line
 349.
(pdftex.def)             Requested size: 597.45789pt x 845.1138pt.
File: fig_ficha_catalografica.pdf Graphic file (type pdf)
<use fig_ficha_catalografica.pdf, page 1>
Package pdftex.def Info: fig_ficha_catalografica.pdf , page1 used on input line
 349.
(pdftex.def)             Requested size: 597.45789pt x 845.1138pt.
File: fig_ficha_catalografica.pdf Graphic file (type pdf)
<use fig_ficha_catalografica.pdf, page 1>
Package pdftex.def Info: fig_ficha_catalografica.pdf , page1 used on input line
 349.
(pdftex.def)             Requested size: 597.45789pt x 845.1138pt.
File: fig_ficha_catalografica.pdf Graphic file (type pdf)
<use fig_ficha_catalografica.pdf, page 1>
Package pdftex.def Info: fig_ficha_catalografica.pdf , page1 used on input line
 349.
(pdftex.def)             Requested size: 597.45789pt x 845.1138pt.
 [2 <./fig_ficha_catalografica.pdf>] [3

] [4


] [5

] [6


] [7

]

LaTeX Warning: Reference `LastPage' on page 8 undefined on input line 547.

[8

]

LaTeX Warning: Reference `LastPage' on page 9 undefined on input line 584.

[9

] [10

] [11


] [12

] [13

] [14


] [15


] [16

]

LaTeX Warning: Reference `anexoA' on page 17 undefined on input line 702.

[17


] [18] [19]

LaTeX Warning: Reference `tab:ExemploDeTabela1' on page 20 undefined on input l
ine 738.


LaTeX Warning: Reference `anexoA' on page 20 undefined on input line 738.

[20pdfTeX warning (ext4): destination with the same identifier (name{table.1.1}
) has been already used, duplicate ignored
<argument> ...shipout:D \box_use:N \l_shipout_box 
                                                  
l.782 
      ] [21] [22]

LaTeX Warning: Reference `fig:figura-exemplo1' on page 23 undefined on input li
ne 854.


LaTeX Warning: Reference `anexoA' on page 23 undefined on input line 854.


LaTeX Warning: Reference `fig:figura-exemplo1' on page 23 undefined on input li
ne 856.


LaTeX Warning: Reference `fig:figura-exemplo2' on page 23 undefined on input li
ne 858.

<figura-exemplo.png, id=168, 388.45125pt x 122.70844pt>
File: figura-exemplo.png Graphic file (type png)
<use figura-exemplo.png>
Package pdftex.def Info: figura-exemplo.png  used on input line 886.
(pdftex.def)             Requested size: 388.45029pt x 122.70813pt.

LaTeX Warning: Reference `qua:ExemploDeQuadro1' on page 23 undefined on input l
ine 893.


LaTeX Warning: Reference `tab:ExemploDeTabela1' on page 23 undefined on input l
ine 893.


LaTeX Warning: Reference `qua:ExemploDeQuadro1' on page 23 undefined on input l
ine 893.


LaTeX Warning: Reference `anexoA' on page 23 undefined on input line 893.

[23pdfTeX warning (ext4): destination with the same identifier (name{figure.1.1
}) has been already used, duplicate ignored
<argument> ...shipout:D \box_use:N \l_shipout_box 
                                                  
l.935 
       <./figura-exemplo.png>]

LaTeX Warning: Reference `fig:figura-exemplo2' on page 24 undefined on input li
ne 941.


LaTeX Warning: Reference `anexoA' on page 24 undefined on input line 941.


LaTeX Warning: Reference `fig:figura-exemplo2' on page 24 undefined on input li
ne 943.


LaTeX Warning: Reference `fig:figura-exemplo1' on page 24 undefined on input li
ne 943.

File: figura-exemplo.png Graphic file (type png)
<use figura-exemplo.png>
Package pdftex.def Info: figura-exemplo.png  used on input line 948.
(pdftex.def)             Requested size: 388.45029pt x 122.70813pt.

LaTeX Warning: Citation `teste3' on page 24 undefined on input line 950.


LaTeX Warning: Citation `teste3' on page 24 undefined on input line 950.

[24pdfTeX warning (ext4): destination with the same identifier (name{quadro.1.1
}) has been already used, duplicate ignored
<argument> ...shipout:D \box_use:N \l_shipout_box 
                                                  
l.958 
      ]

LaTeX Warning: Reference `tab:ExemploDeTabela2' on page 25 undefined on input l
ine 959.


LaTeX Warning: Reference `anexoA' on page 25 undefined on input line 959.

[25pdfTeX warning (ext4): destination with the same identifier (name{figure.1.2
}) has been already used, duplicate ignored
<argument> ...shipout:D \box_use:N \l_shipout_box 
                                                  
l.982 T
       exto de exemplo, texto de exemplo, texto de exemplo, texto de exemplo...
pdfTeX warning (ext4): destination with the same identifier (name{table.1.2}) h
as been already used, duplicate ignored
<argument> ...shipout:D \box_use:N \l_shipout_box 
                                                  
l.982 T
       exto de exemplo, texto de exemplo, texto de exemplo, texto de exemplo...
]

LaTeX Warning: Reference `fig:figura-exemplo3' on page 26 undefined on input li
ne 984.


LaTeX Warning: Reference `anexoA' on page 26 undefined on input line 984.

File: figura-exemplo.png Graphic file (type png)
<use figura-exemplo.png>
Package pdftex.def Info: figura-exemplo.png  used on input line 989.
(pdftex.def)             Requested size: 388.45029pt x 122.70813pt.

LaTeX Warning: Reference `qua:ExemploDeQuadro2' on page 26 undefined on input l
ine 994.


LaTeX Warning: Reference `anexoA' on page 26 undefined on input line 994.


LaTeX Warning: Reference `qua:ExemploDeQuadro3' on page 26 undefined on input l
ine 1013.


LaTeX Warning: Reference `anexoA' on page 26 undefined on input line 1013.

[26pdfTeX warning (ext4): destination with the same identifier (name{figure.1.3
}) has been already used, duplicate ignored
<argument> ...shipout:D \box_use:N \l_shipout_box 
                                                  
l.1031 
       pdfTeX warning (ext4): destination with the same identifier (name{quadro
.1.2}) has been already used, duplicate ignored
<argument> ...shipout:D \box_use:N \l_shipout_box 
                                                  
l.1031 
       ]

LaTeX Warning: Reference `tab:ExemploDeTabela3' on page 27 undefined on input l
ine 1036.


LaTeX Warning: Reference `anexoA' on page 27 undefined on input line 1036.


LaTeX Warning: Reference `fig:figura-exemplo4' on page 27 undefined on input li
ne 1056.


LaTeX Warning: Reference `anexoA' on page 27 undefined on input line 1056.

File: figura-exemplo.png Graphic file (type png)
<use figura-exemplo.png>
Package pdftex.def Info: figura-exemplo.png  used on input line 1061.
(pdftex.def)             Requested size: 388.45029pt x 122.70813pt.

LaTeX Warning: Reference `qua:ExemploDeQuadro4' on page 27 undefined on input l
ine 1068.


LaTeX Warning: Reference `anexoA' on page 27 undefined on input line 1068.

[27pdfTeX warning (ext4): destination with the same identifier (name{quadro.1.3
}) has been already used, duplicate ignored
<argument> ...shipout:D \box_use:N \l_shipout_box 
                                                  
l.1086 
       pdfTeX warning (ext4): destination with the same identifier (name{table.
1.3}) has been already used, duplicate ignored
<argument> ...shipout:D \box_use:N \l_shipout_box 
                                                  
l.1086 
       ]

LaTeX Warning: Reference `tab:ExemploDeTabela4' on page 28 undefined on input l
ine 1093.


LaTeX Warning: Reference `anexoA' on page 28 undefined on input line 1093.

[28pdfTeX warning (ext4): destination with the same identifier (name{figure.1.4
}) has been already used, duplicate ignored
<argument> ...shipout:D \box_use:N \l_shipout_box 
                                                  
l.1110 \end{table}
                  pdfTeX warning (ext4): destination with the same identifier (
name{quadro.1.4}) has been already used, duplicate ignored
<argument> ...shipout:D \box_use:N \l_shipout_box 
                                                  
l.1110 \end{table}
                  ]

LaTeX Warning: Reference `tab:ExemploDeTabela5' on page 29 undefined on input l
ine 1114.


LaTeX Warning: Reference `anexoA' on page 29 undefined on input line 1114.

[29pdfTeX warning (ext4): destination with the same identifier (name{table.1.4}
) has been already used, duplicate ignored
<argument> ...shipout:D \box_use:N \l_shipout_box 
                                                  
l.1139 
       pdfTeX warning (ext4): destination with the same identifier (name{table.
1.5}) has been already used, duplicate ignored
<argument> ...shipout:D \box_use:N \l_shipout_box 
                                                  
l.1139 
       ]

LaTeX Warning: Reference `fig:figura-exemplo5' on page 30 undefined on input li
ne 1140.


LaTeX Warning: Reference `anexoA' on page 30 undefined on input line 1140.

File: figura-exemplo.png Graphic file (type png)
<use figura-exemplo.png>
Package pdftex.def Info: figura-exemplo.png  used on input line 1145.
(pdftex.def)             Requested size: 388.45029pt x 122.70813pt.
[30pdfTeX warning (ext4): destination with the same identifier (name{figure.1.5
}) has been already used, duplicate ignored
<argument> ...shipout:D \box_use:N \l_shipout_box 
                                                  
l.1152 \chapter
               {Outra seção primária}]
LaTeX Font Info:    External font `cmex10' loaded for size
(Font)              <7> on input line 1154.
LaTeX Font Info:    External font `cmex10' loaded for size
(Font)              <5> on input line 1154.


LaTeX Warning: Citation `teste1' on page 31 undefined on input line 1158.


LaTeX Warning: Citation `teste2' on page 31 undefined on input line 1158.


LaTeX Warning: Citation `teste3' on page 31 undefined on input line 1159.


LaTeX Warning: Citation `teste3' on page 31 undefined on input line 1160.


LaTeX Warning: Reference `alg:algoritmo-exemplo1' on page 31 undefined on input
 line 1163.


LaTeX Warning: Reference `anexoA' on page 31 undefined on input line 1163.

Package hyperref Info: bookmark level for unknown algorithm defaults to 0 on in
put line 1189.
[31

]

LaTeX Warning: Reference `eq:equacao-exemplo1' on page 32 undefined on input li
ne 1214.


LaTeX Warning: Reference `eq:equacao-exemplo2' on page 32 undefined on input li
ne 1214.


LaTeX Warning: Reference `anexoA' on page 32 undefined on input line 1214.


LaTeX Warning: Reference `alg:algoritmo-exemplo2' on page 32 undefined on input
 line 1227.


LaTeX Warning: Reference `anexoA' on page 32 undefined on input line 1227.

[32]

LaTeX Warning: Reference `alg:algoritmo-exemplo3' on page 33 undefined on input
 line 1254.


LaTeX Warning: Reference `anexoA' on page 33 undefined on input line 1254.

[33]

LaTeX Warning: Reference `alg:algoritmo-exemplo4' on page 34 undefined on input
 line 1286.


LaTeX Warning: Reference `anexoA' on page 34 undefined on input line 1286.

[34] [35] [36] [37

] [38] [39] [40

] [41] [42] [43

] [44]
No file PPgSI-modeloQualiDisserTeseLatex.bbl.
[45] [46

] [47] [48

] [49] [50

] [51] [52

] [53] [54] [55] [56] [57] [58] [59]
[60] [61] [62] [63
! pdfTeX error (font expansion): auto expansion is only possible with scalable 
fonts.
<argument> ...shipout:D \box_use:N \l_shipout_box 
                                                  
l.1855 \chapter
               {Exemplo de anexo}

 
Here is how much of TeX's memory you used:
 17285 strings out of 479163
 268173 string characters out of 2850182
 811438 words of memory out of 3000000
 34263 multiletter control sequences out of 15000+600000
 412429 words of font info for 116 fonts, out of 8000000 for 9000
 1141 hyphenation exceptions out of 8191
 75i,17n,77p,2749b,708s stack positions out of 5000i,500n,10000p,200000b,80000s
!  ==> Fatal error occurred, no output PDF file produced!
